#! /mingw64/bin/vvp
:ivl_version "12.0 (stable)";
:ivl_delay_selection "TYPICAL";
:vpi_time_precision + 0;
:vpi_module "C:\msys64\mingw64\lib\ivl\system.vpi";
:vpi_module "C:\msys64\mingw64\lib\ivl\vhdl_sys.vpi";
:vpi_module "C:\msys64\mingw64\lib\ivl\vhdl_textio.vpi";
:vpi_module "C:\msys64\mingw64\lib\ivl\v2005_math.vpi";
:vpi_module "C:\msys64\mingw64\lib\ivl\va_math.vpi";
S_000001d4b7651d10 .scope module, "tb_top" "tb_top" 2 1;
 .timescale 0 0;
v000001d4b76aaca0_0 .var "clk", 0 0;
v000001d4b76ad900_0 .net "done", 0 0, v000001d4b76aa520_0;  1 drivers
v000001d4b76ad7c0_0 .net "fail", 0 0, v000001d4b76aa480_0;  1 drivers
v000001d4b76ac3c0_0 .var "rst", 0 0;
v000001d4b76ace60_0 .var "start", 0 0;
E_000001d4b76461b0 .event anyedge, v000001d4b76aa520_0;
S_000001d4b7650e10 .scope module, "dut" "tt_hp_um_aksp_mbist_mbisr" 2 10, 3 2 0, S_000001d4b7651d10;
 .timescale 0 0;
    .port_info 0 /INPUT 1 "clk";
    .port_info 1 /INPUT 1 "rst";
    .port_info 2 /INPUT 1 "start";
    .port_info 3 /OUTPUT 1 "done";
    .port_info 4 /OUTPUT 1 "fail";
v000001d4b76aae80_0 .net "clk", 0 0, v000001d4b76aaca0_0;  1 drivers
v000001d4b76a98a0_0 .net "done", 0 0, v000001d4b76aa520_0;  alias, 1 drivers
v000001d4b76a91c0_0 .net "fail", 0 0, v000001d4b76aa480_0;  alias, 1 drivers
v000001d4b76a9260_0 .net "rst", 0 0, v000001d4b76ac3c0_0;  1 drivers
v000001d4b76a9940_0 .net "start", 0 0, v000001d4b76ace60_0;  1 drivers
S_000001d4b7651430 .scope module, "dut" "top" 3 9, 4 1 0, S_000001d4b7650e10;
 .timescale 0 0;
    .port_info 0 /INPUT 1 "clk";
    .port_info 1 /INPUT 1 "rst";
    .port_info 2 /INPUT 1 "start";
    .port_info 3 /OUTPUT 1 "done";
    .port_info 4 /OUTPUT 1 "fail";
L_000001d4b7643930 .functor BUFZ 1, v000001d4b76a9300_0, C4<0>, C4<0>, C4<0>;
L_000001d4b76446c0 .functor BUFZ 8, v000001d4b76a96c0_0, C4<00000000>, C4<00000000>, C4<00000000>;
L_000001d4b76439a0 .functor BUFZ 8, v000001d4b76a9760_0, C4<00000000>, C4<00000000>, C4<00000000>;
L_000001d4b7643e00 .functor BUFZ 1, v000001d4b76a9300_0, C4<0>, C4<0>, C4<0>;
L_000001d4b7643e70 .functor AND 1, v000001d4b76a9440_0, L_000001d4b76ad860, C4<1>, C4<1>;
L_000001d4b7643ee0 .functor BUFZ 8, L_000001d4b76ac640, C4<00000000>, C4<00000000>, C4<00000000>;
v000001d4b76a9d00_0 .net *"_ivl_16", 0 0, L_000001d4b76ad860;  1 drivers
v000001d4b76a9da0_0 .net *"_ivl_21", 6 0, L_000001d4b76add60;  1 drivers
L_000001d4b82601a8 .functor BUFT 1, C4<0>, C4<0>, C4<0>, C4<0>;
v000001d4b76a9b20_0 .net/2u *"_ivl_22", 0 0, L_000001d4b82601a8;  1 drivers
v000001d4b76aa660_0 .net *"_ivl_24", 7 0, L_000001d4b76ac280;  1 drivers
v000001d4b76a9080_0 .net "clk", 0 0, v000001d4b76aaca0_0;  alias, 1 drivers
v000001d4b76a99e0_0 .net "done", 0 0, v000001d4b76aa520_0;  alias, 1 drivers
v000001d4b76aa5c0_0 .net "fail", 0 0, v000001d4b76aa480_0;  alias, 1 drivers
v000001d4b76a9e40_0 .net "fail_addr_mbist", 7 0, v000001d4b76aade0_0;  1 drivers
v000001d4b76aa020_0 .net "fail_valid_mbist", 0 0, v000001d4b76aa340_0;  1 drivers
v000001d4b76a9580_0 .var "fault_addr", 7 0;
v000001d4b76a9440_0 .var "fault_en", 0 0;
v000001d4b76aaf20_0 .net "fault_match", 0 0, L_000001d4b7643e70;  1 drivers
v000001d4b76a9ee0_0 .net "final_addr", 7 0, L_000001d4b76446c0;  1 drivers
v000001d4b76aa700_0 .net "final_en", 0 0, L_000001d4b7643e00;  1 drivers
v000001d4b76aaa20_0 .net "final_wdata", 7 0, L_000001d4b76439a0;  1 drivers
v000001d4b76aa980_0 .net "final_we", 0 0, L_000001d4b7643930;  1 drivers
v000001d4b76a9bc0_0 .var/i "i", 31 0;
v000001d4b76a9f80_0 .net "mem_addr_mbisr", 7 0, L_000001d4b7644180;  1 drivers
v000001d4b76aaac0_0 .net "mem_addr_mbist", 7 0, v000001d4b76a96c0_0;  1 drivers
v000001d4b76a9a80_0 .net "mem_en_mbisr", 0 0, L_000001d4b7644730;  1 drivers
v000001d4b76aa7a0_0 .net "mem_rdata_comb", 7 0, L_000001d4b76ac640;  1 drivers
v000001d4b76aa0c0_0 .net "mem_rdata_mbist", 7 0, L_000001d4b7643ee0;  1 drivers
v000001d4b76aa160_0 .net "mem_wdata_mbisr", 7 0, L_000001d4b76441f0;  1 drivers
v000001d4b76aa840_0 .net "mem_wdata_mbist", 7 0, v000001d4b76a9760_0;  1 drivers
v000001d4b76aa200_0 .net "mem_we_mbisr", 0 0, L_000001d4b7644340;  1 drivers
v000001d4b76a9120_0 .net "mem_we_mbist", 0 0, v000001d4b76a9300_0;  1 drivers
v000001d4b76aa2a0 .array "ram", 255 0, 7 0;
v000001d4b76a94e0_0 .var "ram_out", 7 0;
v000001d4b76aa8e0_0 .net "rst", 0 0, v000001d4b76ac3c0_0;  alias, 1 drivers
v000001d4b76aab60_0 .net "start", 0 0, v000001d4b76ace60_0;  alias, 1 drivers
v000001d4b76aac00_0 .net "user_rdata", 7 0, L_000001d4b76438c0;  1 drivers
E_000001d4b7646170 .event posedge, v000001d4b764cd00_0;
L_000001d4b76ad860 .cmp/eq 8, L_000001d4b76446c0, v000001d4b76a9580_0;
L_000001d4b76add60 .part v000001d4b76a94e0_0, 1, 7;
L_000001d4b76ac280 .concat [ 1 7 0 0], L_000001d4b82601a8, L_000001d4b76add60;
L_000001d4b76ac640 .functor MUXZ 8, v000001d4b76a94e0_0, L_000001d4b76ac280, L_000001d4b7643e70, C4<>;
S_000001d4b76515c0 .scope module, "mbisr0" "mbisr_controller" 4 37, 5 1 0, S_000001d4b7651430;
 .timescale 0 0;
    .port_info 0 /INPUT 1 "clk";
    .port_info 1 /INPUT 1 "rst";
    .port_info 2 /INPUT 1 "bist_fail_valid";
    .port_info 3 /INPUT 8 "bist_fail_addr";
    .port_info 4 /INPUT 8 "user_addr";
    .port_info 5 /INPUT 8 "user_wdata";
    .port_info 6 /INPUT 1 "user_we";
    .port_info 7 /INPUT 1 "user_en";
    .port_info 8 /OUTPUT 8 "user_rdata";
    .port_info 9 /OUTPUT 8 "mem_addr";
    .port_info 10 /OUTPUT 8 "mem_wdata";
    .port_info 11 /OUTPUT 1 "mem_we";
    .port_info 12 /OUTPUT 1 "mem_en";
    .port_info 13 /INPUT 8 "mem_rdata";
P_000001d4b764ebd0 .param/l "ADDR_WIDTH" 0 5 2, +C4<00000000000000000000000000001000>;
P_000001d4b764ec08 .param/l "DATA_WIDTH" 0 5 3, +C4<00000000000000000000000000001000>;
P_000001d4b764ec40 .param/l "MAX_REPAIRS" 0 5 4, +C4<00000000000000000000000000010000>;
P_000001d4b764ec78 .param/l "SPARE_BASE" 0 5 5, C4<11110000>;
L_000001d4b7644180 .functor BUFZ 8, v000001d4b764d160_0, C4<00000000>, C4<00000000>, C4<00000000>;
L_000001d4b82600d0 .functor BUFT 1, C4<00000000>, C4<0>, C4<0>, C4<0>;
L_000001d4b76441f0 .functor BUFZ 8, L_000001d4b82600d0, C4<00000000>, C4<00000000>, C4<00000000>;
L_000001d4b8260118 .functor BUFT 1, C4<0>, C4<0>, C4<0>, C4<0>;
L_000001d4b7644340 .functor BUFZ 1, L_000001d4b8260118, C4<0>, C4<0>, C4<0>;
L_000001d4b8260160 .functor BUFT 1, C4<0>, C4<0>, C4<0>, C4<0>;
L_000001d4b7644730 .functor BUFZ 1, L_000001d4b8260160, C4<0>, C4<0>, C4<0>;
L_000001d4b76438c0 .functor BUFZ 8, L_000001d4b7643ee0, C4<00000000>, C4<00000000>, C4<00000000>;
v000001d4b764cb20_0 .net "bist_fail_addr", 7 0, v000001d4b76aade0_0;  alias, 1 drivers
v000001d4b764c8a0_0 .net "bist_fail_valid", 0 0, v000001d4b76aa340_0;  alias, 1 drivers
v000001d4b764cd00_0 .net "clk", 0 0, v000001d4b76aaca0_0;  alias, 1 drivers
v000001d4b764ca80_0 .var/i "i", 31 0;
v000001d4b764d520_0 .var "inserted", 0 0;
v000001d4b764d200_0 .var/i "j", 31 0;
v000001d4b764d2a0_0 .var/i "k", 31 0;
v000001d4b764d020_0 .net "mem_addr", 7 0, L_000001d4b7644180;  alias, 1 drivers
v000001d4b764d0c0_0 .net "mem_en", 0 0, L_000001d4b7644730;  alias, 1 drivers
v000001d4b764d700_0 .net "mem_rdata", 7 0, L_000001d4b7643ee0;  alias, 1 drivers
v000001d4b764c800_0 .net "mem_wdata", 7 0, L_000001d4b76441f0;  alias, 1 drivers
v000001d4b764d660_0 .net "mem_we", 0 0, L_000001d4b7644340;  alias, 1 drivers
v000001d4b764d160_0 .var "remap_addr", 7 0;
v000001d4b764d3e0 .array "repair_table", 15 0, 7 0;
v000001d4b764c940 .array "repair_valid", 15 0, 0 0;
v000001d4b764d480_0 .net "rst", 0 0, v000001d4b76ac3c0_0;  alias, 1 drivers
L_000001d4b8260088 .functor BUFT 1, C4<00000000>, C4<0>, C4<0>, C4<0>;
v000001d4b764c9e0_0 .net "user_addr", 7 0, L_000001d4b8260088;  1 drivers
v000001d4b764cc60_0 .net "user_en", 0 0, L_000001d4b8260160;  1 drivers
v000001d4b764cda0_0 .net "user_rdata", 7 0, L_000001d4b76438c0;  alias, 1 drivers
v000001d4b764d5c0_0 .net "user_wdata", 7 0, L_000001d4b82600d0;  1 drivers
v000001d4b764ce40_0 .net "user_we", 0 0, L_000001d4b8260118;  1 drivers
v000001d4b764c940_0 .array/port v000001d4b764c940, 0;
v000001d4b764c940_1 .array/port v000001d4b764c940, 1;
v000001d4b764c940_2 .array/port v000001d4b764c940, 2;
E_000001d4b7646c70/0 .event anyedge, v000001d4b764c9e0_0, v000001d4b764c940_0, v000001d4b764c940_1, v000001d4b764c940_2;
v000001d4b764c940_3 .array/port v000001d4b764c940, 3;
v000001d4b764c940_4 .array/port v000001d4b764c940, 4;
v000001d4b764c940_5 .array/port v000001d4b764c940, 5;
v000001d4b764c940_6 .array/port v000001d4b764c940, 6;
E_000001d4b7646c70/1 .event anyedge, v000001d4b764c940_3, v000001d4b764c940_4, v000001d4b764c940_5, v000001d4b764c940_6;
v000001d4b764c940_7 .array/port v000001d4b764c940, 7;
v000001d4b764c940_8 .array/port v000001d4b764c940, 8;
v000001d4b764c940_9 .array/port v000001d4b764c940, 9;
v000001d4b764c940_10 .array/port v000001d4b764c940, 10;
E_000001d4b7646c70/2 .event anyedge, v000001d4b764c940_7, v000001d4b764c940_8, v000001d4b764c940_9, v000001d4b764c940_10;
v000001d4b764c940_11 .array/port v000001d4b764c940, 11;
v000001d4b764c940_12 .array/port v000001d4b764c940, 12;
v000001d4b764c940_13 .array/port v000001d4b764c940, 13;
v000001d4b764c940_14 .array/port v000001d4b764c940, 14;
E_000001d4b7646c70/3 .event anyedge, v000001d4b764c940_11, v000001d4b764c940_12, v000001d4b764c940_13, v000001d4b764c940_14;
v000001d4b764c940_15 .array/port v000001d4b764c940, 15;
v000001d4b764d3e0_0 .array/port v000001d4b764d3e0, 0;
v000001d4b764d3e0_1 .array/port v000001d4b764d3e0, 1;
v000001d4b764d3e0_2 .array/port v000001d4b764d3e0, 2;
E_000001d4b7646c70/4 .event anyedge, v000001d4b764c940_15, v000001d4b764d3e0_0, v000001d4b764d3e0_1, v000001d4b764d3e0_2;
v000001d4b764d3e0_3 .array/port v000001d4b764d3e0, 3;
v000001d4b764d3e0_4 .array/port v000001d4b764d3e0, 4;
v000001d4b764d3e0_5 .array/port v000001d4b764d3e0, 5;
v000001d4b764d3e0_6 .array/port v000001d4b764d3e0, 6;
E_000001d4b7646c70/5 .event anyedge, v000001d4b764d3e0_3, v000001d4b764d3e0_4, v000001d4b764d3e0_5, v000001d4b764d3e0_6;
v000001d4b764d3e0_7 .array/port v000001d4b764d3e0, 7;
v000001d4b764d3e0_8 .array/port v000001d4b764d3e0, 8;
v000001d4b764d3e0_9 .array/port v000001d4b764d3e0, 9;
v000001d4b764d3e0_10 .array/port v000001d4b764d3e0, 10;
E_000001d4b7646c70/6 .event anyedge, v000001d4b764d3e0_7, v000001d4b764d3e0_8, v000001d4b764d3e0_9, v000001d4b764d3e0_10;
v000001d4b764d3e0_11 .array/port v000001d4b764d3e0, 11;
v000001d4b764d3e0_12 .array/port v000001d4b764d3e0, 12;
v000001d4b764d3e0_13 .array/port v000001d4b764d3e0, 13;
v000001d4b764d3e0_14 .array/port v000001d4b764d3e0, 14;
E_000001d4b7646c70/7 .event anyedge, v000001d4b764d3e0_11, v000001d4b764d3e0_12, v000001d4b764d3e0_13, v000001d4b764d3e0_14;
v000001d4b764d3e0_15 .array/port v000001d4b764d3e0, 15;
E_000001d4b7646c70/8 .event anyedge, v000001d4b764d3e0_15;
E_000001d4b7646c70 .event/or E_000001d4b7646c70/0, E_000001d4b7646c70/1, E_000001d4b7646c70/2, E_000001d4b7646c70/3, E_000001d4b7646c70/4, E_000001d4b7646c70/5, E_000001d4b7646c70/6, E_000001d4b7646c70/7, E_000001d4b7646c70/8;
E_000001d4b76462b0 .event posedge, v000001d4b764d480_0, v000001d4b764cd00_0;
S_000001d4b763dbe0 .scope module, "mbist0" "mbist_controller" 4 16, 6 1 0, S_000001d4b7651430;
 .timescale 0 0;
    .port_info 0 /INPUT 1 "clk";
    .port_info 1 /INPUT 1 "rst";
    .port_info 2 /INPUT 1 "start";
    .port_info 3 /OUTPUT 1 "done";
    .port_info 4 /OUTPUT 1 "fail";
    .port_info 5 /OUTPUT 1 "fail_valid";
    .port_info 6 /OUTPUT 8 "fail_addr";
    .port_info 7 /OUTPUT 1 "mem_we";
    .port_info 8 /OUTPUT 8 "mem_addr";
    .port_info 9 /OUTPUT 8 "mem_wdata";
    .port_info 10 /INPUT 8 "mem_rdata";
v000001d4b764cee0_0 .var "addr", 7 0;
v000001d4b76aad40_0 .net "clk", 0 0, v000001d4b76aaca0_0;  alias, 1 drivers
v000001d4b76aa520_0 .var "done", 0 0;
v000001d4b76a9620_0 .var "expected", 7 0;
v000001d4b76aa480_0 .var "fail", 0 0;
v000001d4b76aade0_0 .var "fail_addr", 7 0;
v000001d4b76aa340_0 .var "fail_valid", 0 0;
v000001d4b76a96c0_0 .var "mem_addr", 7 0;
v000001d4b76a9c60_0 .net "mem_rdata", 7 0, L_000001d4b7643ee0;  alias, 1 drivers
v000001d4b76a9760_0 .var "mem_wdata", 7 0;
v000001d4b76a9300_0 .var "mem_we", 0 0;
v000001d4b76aa3e0_0 .net "rst", 0 0, v000001d4b76ac3c0_0;  alias, 1 drivers
v000001d4b76a9800_0 .net "start", 0 0, v000001d4b76ace60_0;  alias, 1 drivers
v000001d4b76a93a0_0 .var "state", 3 0;
    .scope S_000001d4b763dbe0;
T_0 ;
    %wait E_000001d4b76462b0;
    %load/vec4 v000001d4b76aa3e0_0;
    %flag_set/vec4 8;
    %jmp/0xz  T_0.0, 8;
    %pushi/vec4 0, 0, 4;
    %assign/vec4 v000001d4b76a93a0_0, 0;
    %pushi/vec4 0, 0, 8;
    %assign/vec4 v000001d4b764cee0_0, 0;
    %pushi/vec4 0, 0, 1;
    %assign/vec4 v000001d4b76aa520_0, 0;
    %pushi/vec4 0, 0, 1;
    %assign/vec4 v000001d4b76aa480_0, 0;
    %pushi/vec4 0, 0, 1;
    %assign/vec4 v000001d4b76aa340_0, 0;
    %pushi/vec4 0, 0, 1;
    %assign/vec4 v000001d4b76a9300_0, 0;
    %pushi/vec4 0, 0, 8;
    %assign/vec4 v000001d4b76a96c0_0, 0;
    %pushi/vec4 0, 0, 8;
    %assign/vec4 v000001d4b76a9760_0, 0;
    %pushi/vec4 0, 0, 8;
    %assign/vec4 v000001d4b76a9620_0, 0;
    %jmp T_0.1;
T_0.0 ;
    %pushi/vec4 0, 0, 1;
    %assign/vec4 v000001d4b76aa340_0, 0;
    %pushi/vec4 0, 0, 1;
    %assign/vec4 v000001d4b76a9300_0, 0;
    %load/vec4 v000001d4b76a93a0_0;
    %dup/vec4;
    %pushi/vec4 0, 0, 4;
    %cmp/u;
    %jmp/1 T_0.2, 6;
    %dup/vec4;
    %pushi/vec4 1, 0, 4;
    %cmp/u;
    %jmp/1 T_0.3, 6;
    %dup/vec4;
    %pushi/vec4 2, 0, 4;
    %cmp/u;
    %jmp/1 T_0.4, 6;
    %dup/vec4;
    %pushi/vec4 3, 0, 4;
    %cmp/u;
    %jmp/1 T_0.5, 6;
    %dup/vec4;
    %pushi/vec4 4, 0, 4;
    %cmp/u;
    %jmp/1 T_0.6, 6;
    %jmp T_0.7;
T_0.2 ;
    %load/vec4 v000001d4b76a9800_0;
    %flag_set/vec4 8;
    %jmp/0xz  T_0.8, 8;
    %pushi/vec4 0, 0, 8;
    %assign/vec4 v000001d4b764cee0_0, 0;
    %pushi/vec4 0, 0, 1;
    %assign/vec4 v000001d4b76aa520_0, 0;
    %pushi/vec4 0, 0, 1;
    %assign/vec4 v000001d4b76aa480_0, 0;
    %pushi/vec4 1, 0, 4;
    %assign/vec4 v000001d4b76a93a0_0, 0;
T_0.8 ;
    %jmp T_0.7;
T_0.3 ;
    %pushi/vec4 1, 0, 1;
    %assign/vec4 v000001d4b76a9300_0, 0;
    %load/vec4 v000001d4b764cee0_0;
    %assign/vec4 v000001d4b76a96c0_0, 0;
    %pushi/vec4 0, 0, 8;
    %assign/vec4 v000001d4b76a9760_0, 0;
    %pushi/vec4 2, 0, 4;
    %assign/vec4 v000001d4b76a93a0_0, 0;
    %jmp T_0.7;
T_0.4 ;
    %pushi/vec4 0, 0, 1;
    %assign/vec4 v000001d4b76a9300_0, 0;
    %load/vec4 v000001d4b764cee0_0;
    %assign/vec4 v000001d4b76a96c0_0, 0;
    %pushi/vec4 0, 0, 8;
    %assign/vec4 v000001d4b76a9620_0, 0;
    %pushi/vec4 3, 0, 4;
    %assign/vec4 v000001d4b76a93a0_0, 0;
    %jmp T_0.7;
T_0.5 ;
    %load/vec4 v000001d4b76a9c60_0;
    %load/vec4 v000001d4b76a9620_0;
    %cmp/ne;
    %jmp/0xz  T_0.10, 6;
    %pushi/vec4 1, 0, 1;
    %assign/vec4 v000001d4b76aa480_0, 0;
    %pushi/vec4 1, 0, 1;
    %assign/vec4 v000001d4b76aa340_0, 0;
    %load/vec4 v000001d4b764cee0_0;
    %assign/vec4 v000001d4b76aade0_0, 0;
T_0.10 ;
    %load/vec4 v000001d4b764cee0_0;
    %cmpi/e 255, 0, 8;
    %jmp/0xz  T_0.12, 4;
    %pushi/vec4 4, 0, 4;
    %assign/vec4 v000001d4b76a93a0_0, 0;
    %jmp T_0.13;
T_0.12 ;
    %load/vec4 v000001d4b764cee0_0;
    %addi 1, 0, 8;
    %assign/vec4 v000001d4b764cee0_0, 0;
    %pushi/vec4 1, 0, 4;
    %assign/vec4 v000001d4b76a93a0_0, 0;
T_0.13 ;
    %jmp T_0.7;
T_0.6 ;
    %pushi/vec4 1, 0, 1;
    %assign/vec4 v000001d4b76aa520_0, 0;
    %pushi/vec4 4, 0, 4;
    %assign/vec4 v000001d4b76a93a0_0, 0;
    %jmp T_0.7;
T_0.7 ;
    %pop/vec4 1;
T_0.1 ;
    %jmp T_0;
    .thread T_0;
    .scope S_000001d4b76515c0;
T_1 ;
    %pushi/vec4 0, 0, 32;
    %store/vec4 v000001d4b764ca80_0, 0, 32;
T_1.0 ;
    %load/vec4 v000001d4b764ca80_0;
    %cmpi/s 16, 0, 32;
    %jmp/0xz T_1.1, 5;
    %pushi/vec4 255, 0, 8;
    %ix/getv/s 4, v000001d4b764ca80_0;
    %store/vec4a v000001d4b764d3e0, 4, 0;
    %pushi/vec4 0, 0, 1;
    %ix/getv/s 4, v000001d4b764ca80_0;
    %store/vec4a v000001d4b764c940, 4, 0;
    %load/vec4 v000001d4b764ca80_0;
    %addi 1, 0, 32;
    %store/vec4 v000001d4b764ca80_0, 0, 32;
    %jmp T_1.0;
T_1.1 ;
    %end;
    .thread T_1;
    .scope S_000001d4b76515c0;
T_2 ;
    %wait E_000001d4b76462b0;
    %load/vec4 v000001d4b764d480_0;
    %flag_set/vec4 8;
    %jmp/0xz  T_2.0, 8;
    %pushi/vec4 0, 0, 32;
    %store/vec4 v000001d4b764ca80_0, 0, 32;
T_2.2 ;
    %load/vec4 v000001d4b764ca80_0;
    %cmpi/s 16, 0, 32;
    %jmp/0xz T_2.3, 5;
    %pushi/vec4 255, 0, 8;
    %ix/getv/s 3, v000001d4b764ca80_0;
    %ix/load 4, 0, 0; Constant delay
    %assign/vec4/a/d v000001d4b764d3e0, 0, 4;
    %pushi/vec4 0, 0, 1;
    %ix/getv/s 3, v000001d4b764ca80_0;
    %ix/load 4, 0, 0; Constant delay
    %assign/vec4/a/d v000001d4b764c940, 0, 4;
    %load/vec4 v000001d4b764ca80_0;
    %addi 1, 0, 32;
    %store/vec4 v000001d4b764ca80_0, 0, 32;
    %jmp T_2.2;
T_2.3 ;
    %jmp T_2.1;
T_2.0 ;
    %load/vec4 v000001d4b764c8a0_0;
    %flag_set/vec4 8;
    %jmp/0xz  T_2.4, 8;
    %pushi/vec4 0, 0, 1;
    %store/vec4 v000001d4b764d520_0, 0, 1;
    %pushi/vec4 0, 0, 32;
    %store/vec4 v000001d4b764d200_0, 0, 32;
T_2.6 ;
    %load/vec4 v000001d4b764d200_0;
    %cmpi/s 16, 0, 32;
    %jmp/0xz T_2.7, 5;
    %ix/getv/s 4, v000001d4b764d200_0;
    %load/vec4a v000001d4b764c940, 4;
    %flag_set/vec4 9;
    %flag_get/vec4 9;
    %jmp/0 T_2.10, 9;
    %ix/getv/s 4, v000001d4b764d200_0;
    %load/vec4a v000001d4b764d3e0, 4;
    %load/vec4 v000001d4b764cb20_0;
    %cmp/e;
    %flag_get/vec4 4;
    %and;
T_2.10;
    %flag_set/vec4 8;
    %jmp/0xz  T_2.8, 8;
    %pushi/vec4 1, 0, 1;
    %store/vec4 v000001d4b764d520_0, 0, 1;
T_2.8 ;
    %load/vec4 v000001d4b764d200_0;
    %addi 1, 0, 32;
    %store/vec4 v000001d4b764d200_0, 0, 32;
    %jmp T_2.6;
T_2.7 ;
    %load/vec4 v000001d4b764d520_0;
    %nor/r;
    %flag_set/vec4 8;
    %jmp/0xz  T_2.11, 8;
    %pushi/vec4 0, 0, 32;
    %store/vec4 v000001d4b764d200_0, 0, 32;
T_2.13 ;
    %load/vec4 v000001d4b764d200_0;
    %cmpi/s 16, 0, 32;
    %jmp/0xz T_2.14, 5;
    %ix/getv/s 4, v000001d4b764d200_0;
    %load/vec4a v000001d4b764c940, 4;
    %nor/r;
    %flag_set/vec4 9;
    %flag_get/vec4 9;
    %jmp/0 T_2.17, 9;
    %load/vec4 v000001d4b764d520_0;
    %nor/r;
    %and;
T_2.17;
    %flag_set/vec4 8;
    %jmp/0xz  T_2.15, 8;
    %load/vec4 v000001d4b764cb20_0;
    %ix/getv/s 3, v000001d4b764d200_0;
    %ix/load 4, 0, 0; Constant delay
    %assign/vec4/a/d v000001d4b764d3e0, 0, 4;
    %pushi/vec4 1, 0, 1;
    %ix/getv/s 3, v000001d4b764d200_0;
    %ix/load 4, 0, 0; Constant delay
    %assign/vec4/a/d v000001d4b764c940, 0, 4;
    %pushi/vec4 1, 0, 1;
    %store/vec4 v000001d4b764d520_0, 0, 1;
T_2.15 ;
    %load/vec4 v000001d4b764d200_0;
    %addi 1, 0, 32;
    %store/vec4 v000001d4b764d200_0, 0, 32;
    %jmp T_2.13;
T_2.14 ;
T_2.11 ;
T_2.4 ;
T_2.1 ;
    %jmp T_2;
    .thread T_2;
    .scope S_000001d4b76515c0;
T_3 ;
    %wait E_000001d4b7646c70;
    %load/vec4 v000001d4b764c9e0_0;
    %store/vec4 v000001d4b764d160_0, 0, 8;
    %pushi/vec4 0, 0, 32;
    %store/vec4 v000001d4b764d2a0_0, 0, 32;
T_3.0 ;
    %load/vec4 v000001d4b764d2a0_0;
    %cmpi/s 16, 0, 32;
    %jmp/0xz T_3.1, 5;
    %ix/getv/s 4, v000001d4b764d2a0_0;
    %load/vec4a v000001d4b764c940, 4;
    %flag_set/vec4 9;
    %flag_get/vec4 9;
    %jmp/0 T_3.4, 9;
    %ix/getv/s 4, v000001d4b764d2a0_0;
    %load/vec4a v000001d4b764d3e0, 4;
    %load/vec4 v000001d4b764c9e0_0;
    %cmp/e;
    %flag_get/vec4 4;
    %and;
T_3.4;
    %flag_set/vec4 8;
    %jmp/0xz  T_3.2, 8;
    %pushi/vec4 240, 0, 8;
    %load/vec4 v000001d4b764d2a0_0;
    %parti/s 8, 0, 2;
    %add;
    %store/vec4 v000001d4b764d160_0, 0, 8;
T_3.2 ;
    %load/vec4 v000001d4b764d2a0_0;
    %addi 1, 0, 32;
    %store/vec4 v000001d4b764d2a0_0, 0, 32;
    %jmp T_3.0;
T_3.1 ;
    %jmp T_3;
    .thread T_3, $push;
    .scope S_000001d4b7651430;
T_4 ;
    %pushi/vec4 0, 0, 1;
    %store/vec4 v000001d4b76a9440_0, 0, 1;
    %pushi/vec4 0, 0, 8;
    %store/vec4 v000001d4b76a9580_0, 0, 8;
    %end;
    .thread T_4;
    .scope S_000001d4b7651430;
T_5 ;
    %pushi/vec4 0, 0, 32;
    %store/vec4 v000001d4b76a9bc0_0, 0, 32;
T_5.0 ;
    %load/vec4 v000001d4b76a9bc0_0;
    %cmpi/s 256, 0, 32;
    %jmp/0xz T_5.1, 5;
    %pushi/vec4 0, 0, 8;
    %ix/getv/s 4, v000001d4b76a9bc0_0;
    %store/vec4a v000001d4b76aa2a0, 4, 0;
    %load/vec4 v000001d4b76a9bc0_0;
    %addi 1, 0, 32;
    %store/vec4 v000001d4b76a9bc0_0, 0, 32;
    %jmp T_5.0;
T_5.1 ;
    %end;
    .thread T_5;
    .scope S_000001d4b7651430;
T_6 ;
    %wait E_000001d4b7646170;
    %load/vec4 v000001d4b76aa700_0;
    %flag_set/vec4 9;
    %flag_get/vec4 9;
    %jmp/0 T_6.2, 9;
    %load/vec4 v000001d4b76aa980_0;
    %and;
T_6.2;
    %flag_set/vec4 8;
    %jmp/0xz  T_6.0, 8;
    %load/vec4 v000001d4b76aaa20_0;
    %load/vec4 v000001d4b76a9ee0_0;
    %pad/u 10;
    %ix/vec4 3;
    %ix/load 4, 0, 0; Constant delay
    %assign/vec4/a/d v000001d4b76aa2a0, 0, 4;
T_6.0 ;
    %load/vec4 v000001d4b76a9ee0_0;
    %pad/u 10;
    %ix/vec4 4;
    %load/vec4a v000001d4b76aa2a0, 4;
    %assign/vec4 v000001d4b76a94e0_0, 0;
    %jmp T_6;
    .thread T_6;
    .scope S_000001d4b7651d10;
T_7 ;
    %pushi/vec4 0, 0, 1;
    %store/vec4 v000001d4b76aaca0_0, 0, 1;
T_7.0 ;
    %delay 5, 0;
    %load/vec4 v000001d4b76aaca0_0;
    %inv;
    %store/vec4 v000001d4b76aaca0_0, 0, 1;
    %jmp T_7.0;
    %end;
    .thread T_7;
    .scope S_000001d4b7651d10;
T_8 ;
    %vpi_call 2 24 "$dumpfile", "wave.vcd" {0 0 0};
    %vpi_call 2 25 "$dumpvars", 32'sb00000000000000000000000000000000, S_000001d4b7651d10 {0 0 0};
    %pushi/vec4 1, 0, 1;
    %store/vec4 v000001d4b76ac3c0_0, 0, 1;
    %pushi/vec4 0, 0, 1;
    %store/vec4 v000001d4b76ace60_0, 0, 1;
    %delay 20, 0;
    %pushi/vec4 0, 0, 1;
    %store/vec4 v000001d4b76ac3c0_0, 0, 1;
    %delay 20, 0;
    %pushi/vec4 1, 0, 1;
    %store/vec4 v000001d4b76a9440_0, 0, 1;
    %pushi/vec4 8, 0, 8;
    %store/vec4 v000001d4b76a9580_0, 0, 8;
    %pushi/vec4 1, 0, 1;
    %store/vec4 v000001d4b76ace60_0, 0, 1;
    %delay 10, 0;
    %pushi/vec4 0, 0, 1;
    %store/vec4 v000001d4b76ace60_0, 0, 1;
T_8.0 ;
    %load/vec4 v000001d4b76ad900_0;
    %pad/u 32;
    %pushi/vec4 1, 0, 32;
    %cmp/e;
    %flag_get/vec4 4;
    %cmpi/ne 1, 0, 1;
    %jmp/0xz T_8.1, 6;
    %wait E_000001d4b76461b0;
    %jmp T_8.0;
T_8.1 ;
    %vpi_call 2 40 "$display", "MBIST complete. fail=%0d", v000001d4b76ad7c0_0 {0 0 0};
    %delay 50, 0;
    %pushi/vec4 1, 0, 1;
    %store/vec4 v000001d4b76a9440_0, 0, 1;
    %pushi/vec4 42, 0, 8;
    %store/vec4 v000001d4b76a9580_0, 0, 8;
    %pushi/vec4 1, 0, 1;
    %store/vec4 v000001d4b76ace60_0, 0, 1;
    %delay 10, 0;
    %pushi/vec4 0, 0, 1;
    %store/vec4 v000001d4b76ace60_0, 0, 1;
T_8.2 ;
    %load/vec4 v000001d4b76ad900_0;
    %pad/u 32;
    %pushi/vec4 1, 0, 32;
    %cmp/e;
    %flag_get/vec4 4;
    %cmpi/ne 1, 0, 1;
    %jmp/0xz T_8.3, 6;
    %wait E_000001d4b76461b0;
    %jmp T_8.2;
T_8.3 ;
    %vpi_call 2 49 "$display", "MBIST second run complete. fail=%0d", v000001d4b76ad7c0_0 {0 0 0};
    %delay 100, 0;
    %vpi_call 2 52 "$finish" {0 0 0};
    %end;
    .thread T_8;
# The file index is used to find the file name in the following table.
:file_names 7;
    "N/A";
    "<interactive>";
    "..\..\sim\tb_top.v";
    "tt_hp_um_aksp_mbist_mbisr.v";
    "top.v";
    "mbisr_controller.v";
    "mbist_controller.v";
